Determining if the pthread_create exist failed with the following output:
Change Dir: /home/wpr/code/VSLAM/ROS/ROS3systemdesign/catkin_design/build/CMakeFiles/CMakeTmp

Run Build Command:"/usr/bin/make" "cmTC_604e3/fast"
/usr/bin/make -f CMakeFiles/cmTC_604e3.dir/build.make CMakeFiles/cmTC_604e3.dir/build
make[1]: Entering directory '/home/wpr/code/VSLAM/ROS/ROS3systemdesign/catkin_design/build/CMakeFiles/CMakeTmp'
Building C object CMakeFiles/cmTC_604e3.dir/CheckSymbolExists.c.o
/usr/bin/cc     -o CMakeFiles/cmTC_604e3.dir/CheckSymbolExists.c.o   -c /home/wpr/code/VSLAM/ROS/ROS3systemdesign/catkin_design/build/CMakeFiles/CMakeTmp/CheckSymbolExists.c
Linking C executable cmTC_604e3
/usr/bin/cmake -E cmake_link_script CMakeFiles/cmTC_604e3.dir/link.txt --verbose=1
/usr/bin/cc       CMakeFiles/cmTC_604e3.dir/CheckSymbolExists.c.o  -o cmTC_604e3 -rdynamic 
CMakeFiles/cmTC_604e3.dir/CheckSymbolExists.c.o：在函数‘main’中：
CheckSymbolExists.c:(.text+0x16)：对‘pthread_create’未定义的引用
collect2: error: ld returned 1 exit status
CMakeFiles/cmTC_604e3.dir/build.make:97: recipe for target 'cmTC_604e3' failed
make[1]: *** [cmTC_604e3] Error 1
make[1]: Leaving directory '/home/wpr/code/VSLAM/ROS/ROS3systemdesign/catkin_design/build/CMakeFiles/CMakeTmp'
Makefile:126: recipe for target 'cmTC_604e3/fast' failed
make: *** [cmTC_604e3/fast] Error 2

File /home/wpr/code/VSLAM/ROS/ROS3systemdesign/catkin_design/build/CMakeFiles/CMakeTmp/CheckSymbolExists.c:
/* */
#include <pthread.h>

int main(int argc, char** argv)
{
  (void)argv;
#ifndef pthread_create
  return ((int*)(&pthread_create))[argc];
#else
  (void)argc;
  return 0;
#endif
}

Determining if the function pthread_create exists in the pthreads failed with the following output:
Change Dir: /home/wpr/code/VSLAM/ROS/ROS3systemdesign/catkin_design/build/CMakeFiles/CMakeTmp

Run Build Command:"/usr/bin/make" "cmTC_da1d6/fast"
/usr/bin/make -f CMakeFiles/cmTC_da1d6.dir/build.make CMakeFiles/cmTC_da1d6.dir/build
make[1]: Entering directory '/home/wpr/code/VSLAM/ROS/ROS3systemdesign/catkin_design/build/CMakeFiles/CMakeTmp'
Building C object CMakeFiles/cmTC_da1d6.dir/CheckFunctionExists.c.o
/usr/bin/cc    -DCHECK_FUNCTION_EXISTS=pthread_create   -o CMakeFiles/cmTC_da1d6.dir/CheckFunctionExists.c.o   -c /usr/share/cmake-3.5/Modules/CheckFunctionExists.c
Linking C executable cmTC_da1d6
/usr/bin/cmake -E cmake_link_script CMakeFiles/cmTC_da1d6.dir/link.txt --verbose=1
/usr/bin/cc   -DCHECK_FUNCTION_EXISTS=pthread_create    CMakeFiles/cmTC_da1d6.dir/CheckFunctionExists.c.o  -o cmTC_da1d6 -rdynamic -lpthreads 
/usr/bin/ld: 找不到 -lpthreads
collect2: error: ld returned 1 exit status
CMakeFiles/cmTC_da1d6.dir/build.make:97: recipe for target 'cmTC_da1d6' failed
make[1]: *** [cmTC_da1d6] Error 1
make[1]: Leaving directory '/home/wpr/code/VSLAM/ROS/ROS3systemdesign/catkin_design/build/CMakeFiles/CMakeTmp'
Makefile:126: recipe for target 'cmTC_da1d6/fast' failed
make: *** [cmTC_da1d6/fast] Error 2


